<?xml version="1.0" encoding="UTF-8"?>
<!-- Generated by org.testng.reporters.JUnitReportReporter -->
<testsuite hostname="DESKTOP-Q59R3VD" failures="0" tests="1" name="SeleniumTestMethods.MultiWindow" time="104.843" errors="0" timestamp="2023-06-10T11:46:55 EDT" skipped="0">
  <testcase classname="SeleniumTestMethods.MultiWindow" name="multiwindow" time="104.843"/>
  <system-out/>
</testsuite> <!-- SeleniumTestMethods.MultiWindow -->
