<?xml version="1.0" encoding="UTF-8"?>
<!-- Generated by org.testng.reporters.JUnitReportReporter -->
<testsuite hostname="DESKTOP-Q59R3VD" failures="0" tests="5" name="TestModel.SignUp" time="7.797" errors="0" timestamp="2023-05-14T10:47:23 EDT" skipped="0">
  <testcase classname="TestModel.SignUp" name="OpenBrowser" time="4.431"/>
  <system-out/>
  <testcase classname="TestModel.SignUp" name="ClickSignin" time="1.932"/>
  <system-out/>
  <testcase classname="TestModel.SignUp" name="EnterUsername" time="0.197"/>
  <system-out/>
  <testcase classname="TestModel.SignUp" name="EnterEmailAddress" time="0.081"/>
  <system-out/>
  <testcase classname="TestModel.SignUp" name="ClickSubmitbutton" time="1.156"/>
  <system-out/>
</testsuite> <!-- TestModel.SignUp -->
