<?xml version="1.0" encoding="UTF-8"?>
<!-- Generated by org.testng.reporters.JUnitReportReporter -->
<testsuite hostname="DESKTOP-Q59R3VD" failures="0" tests="2" name="SeleniumTestMethods.dranNdrop" time="16.355" errors="0" timestamp="2023-06-03T11:31:51 EDT" skipped="0">
  <testcase classname="SeleniumTestMethods.dranNdrop" name="draganddrop" time="6.375"/>
  <system-out/>
  <testcase classname="SeleniumTestMethods.dranNdrop" name="Drop" time="9.980"/>
  <system-out/>
</testsuite> <!-- SeleniumTestMethods.dranNdrop -->
