<?xml version="1.0" encoding="UTF-8"?>
<!-- Generated by org.testng.reporters.JUnitReportReporter -->
<testsuite hostname="DESKTOP-Q59R3VD" failures="0" tests="1" name="SeleniumTestMethods.Frames" time="12.749" errors="0" timestamp="2023-06-03T11:45:44 EDT" skipped="0">
  <testcase classname="SeleniumTestMethods.Frames" name="frames1" time="12.749"/>
  <system-out/>
</testsuite> <!-- SeleniumTestMethods.Frames -->
