<?xml version="1.0" encoding="UTF-8"?>
<!-- Generated by org.testng.reporters.JUnitReportReporter -->
<testsuite hostname="DESKTOP-Q59R3VD" failures="0" tests="3" name="SeleniumTestMethods.webtables" time="30.654" errors="0" timestamp="2023-06-10T11:30:10 EDT" skipped="0">
  <testcase classname="SeleniumTestMethods.webtables" name="webtab1" time="29.961"/>
  <system-out/>
  <testcase classname="SeleniumTestMethods.webtables" name="webtab2" time="0.383"/>
  <system-out/>
  <testcase classname="SeleniumTestMethods.webtables" name="webtab3" time="0.310"/>
  <system-out/>
</testsuite> <!-- SeleniumTestMethods.webtables -->
