<?xml version="1.0" encoding="UTF-8"?>
<!-- Generated by org.testng.reporters.JUnitReportReporter -->
<testsuite hostname="DESKTOP-Q59R3VD" failures="0" tests="1" name="SeleniumTestMethods.screenshot" time="13.312" errors="0" timestamp="2023-06-04T11:05:16 EDT" skipped="0">
  <testcase classname="SeleniumTestMethods.screenshot" name="TakeScreenShot" time="13.312"/>
  <system-out/>
</testsuite> <!-- SeleniumTestMethods.screenshot -->
