<?xml version="1.0" encoding="UTF-8"?>
<!-- Generated by org.testng.reporters.JUnitReportReporter -->
<testsuite hostname="DESKTOP-Q59R3VD" failures="0" tests="1" name="SeleniumTestMethods.handleWindows" time="5.310" errors="0" timestamp="2023-06-10T11:42:42 EDT" skipped="0">
  <testcase classname="SeleniumTestMethods.handleWindows" name="window" time="5.310"/>
  <system-out/>
</testsuite> <!-- SeleniumTestMethods.handleWindows -->
