<?xml version="1.0" encoding="UTF-8"?>
<!-- Generated by org.testng.reporters.JUnitReportReporter -->
<testsuite hostname="DESKTOP-Q59R3VD" failures="0" tests="2" name="SeleniumTestMethods.Alerts" time="15.787" errors="0" timestamp="2023-06-04T10:27:18 EDT" skipped="0">
  <testcase classname="SeleniumTestMethods.Alerts" name="alerts" time="11.609"/>
  <system-out/>
  <testcase classname="SeleniumTestMethods.Alerts" name="alerts2" time="4.178"/>
  <system-out/>
</testsuite> <!-- SeleniumTestMethods.Alerts -->
