<?xml version="1.0" encoding="UTF-8"?>
<!-- Generated by org.testng.reporters.JUnitReportReporter -->
<testsuite hostname="DESKTOP-Q59R3VD" failures="0" tests="3" name="SeleniumTestMethods.scrolling" time="55.693" errors="0" timestamp="2023-06-04T11:17:46 EDT" skipped="0">
  <testcase classname="SeleniumTestMethods.scrolling" name="scrollDown" time="7.029"/>
  <system-out/>
  <testcase classname="SeleniumTestMethods.scrolling" name="scrollUp" time="3.241"/>
  <system-out/>
  <testcase classname="SeleniumTestMethods.scrolling" name="toElement" time="45.423"/>
  <system-out/>
</testsuite> <!-- SeleniumTestMethods.scrolling -->
