<?xml version="1.0" encoding="UTF-8"?>
<!-- Generated by org.testng.reporters.JUnitReportReporter -->
<testsuite hostname="DESKTOP-Q59R3VD" failures="0" tests="1" name="Central.Controller" time="6.279" errors="0" timestamp="2023-05-13T11:00:10 EDT" skipped="0">
  <testcase classname="Central.Controller" name="config" time="6.279"/>
  <system-out/>
</testsuite> <!-- Central.Controller -->
