<?xml version="1.0" encoding="UTF-8"?>
<!-- Generated by org.testng.reporters.JUnitReportReporter -->
<testsuite hostname="DESKTOP-Q59R3VD" failures="0" tests="1" name="SeleniumTestMethods.uploadfile" time="4.839" errors="0" timestamp="2023-06-10T10:39:19 EDT" skipped="0">
  <testcase classname="SeleniumTestMethods.uploadfile" name="upload" time="4.839"/>
  <system-out/>
</testsuite> <!-- SeleniumTestMethods.uploadfile -->
