<?xml version="1.0" encoding="UTF-8"?>
<!-- Generated by org.testng.reporters.JUnitReportReporter -->
<testsuite hostname="DESKTOP-Q59R3VD" failures="0" tests="3" name="TestModel.OpenSignUp" time="106.642" errors="0" timestamp="2023-06-18T11:07:40 EDT" skipped="0">
  <testcase classname="TestModel.OpenSignUp" name="testSignUp" time="32.771"/>
  <system-out/>
  <testcase classname="TestModel.OpenSignUp" name="testSignUp" time="35.120"/>
  <system-out/>
  <testcase classname="TestModel.OpenSignUp" name="testSignUp" time="38.751"/>
  <system-out/>
</testsuite> <!-- TestModel.OpenSignUp -->
